Tue Jul 22 22:17:23 2025       
+-----------------------------------------------------------------------------------------+
| NVIDIA-SMI 550.163.01             Driver Version: 550.163.01     CUDA Version: 12.4     |
|-----------------------------------------+------------------------+----------------------+
| GPU  Name                 Persistence-M | Bus-Id          Disp.A | Volatile Uncorr. ECC |
| Fan  Temp   Perf          Pwr:Usage/Cap |           Memory-Usage | GPU-Util  Compute M. |
|                                         |                        |               MIG M. |
|=========================================+========================+======================|
|   0  NVIDIA A40                     On  |   00000000:46:00.0 Off |                    0 |
|  0%   27C    P0             55W /  300W |       1MiB /  46068MiB |      0%      Default |
|                                         |                        |                  N/A |
+-----------------------------------------+------------------------+----------------------+
                                                                                         
+-----------------------------------------------------------------------------------------+
| Processes:                                                                              |
|  GPU   GI   CI        PID   Type   Process name                              GPU Memory |
|        ID   ID                                                               Usage      |
|=========================================================================================|
|  No running processes found                                                             |
+-----------------------------------------------------------------------------------------+
Starting Dual-Model SWAE Training
=================================
Job ID: 11180790
Node: gpub003

Model 1 (poslog): Standard variables (U_ALPHA, U_K, U_GT0, U_GT1, etc.)
Model 2 (asinh): Problematic variables (U_B2, U_SYMAT2, U_GT2, U_SYMGT2, U_SYMAT4, U_SYMAT3)

Warning: tensorboard not available, logging will be disabled

Training completed!
Models saved in: ./save/swae_dual_transform_relerr/
  - poslog model: ./save/swae_dual_transform_relerr/poslog/
  - asinh model (with relative error): ./save/swae_dual_transform_relerr/asinh/
